<?xml version="1.0" encoding="UTF-8" ?>
<testsuite tests="4" failures="0" name="dev.drawethree.xprison.utils.misc.NumberUtilsTest" time="0.002" errors="0" skipped="0">
  <properties>
[...]
</properties>
  <testcase classname="dev.drawethree.xprison.utils.misc.NumberUtilsTest" name="test_lower1" time="0.002"/>
  <testcase classname="dev.drawethree.xprison.utils.misc.NumberUtilsTest" name="test_lower2" time="0"/>
  <testcase classname="dev.drawethree.xprison.utils.misc.NumberUtilsTest" name="test_greater2" time="0"/>
  <testcase classname="dev.drawethree.xprison.utils.misc.NumberUtilsTest" name="test_greater" time="0"/>
</testsuite>